[2026-03-12T08:30:43.272+0000] {local_task_job_runner.py:120} INFO - ::group::Pre task execution logs
[2026-03-12T08:30:43.288+0000] {taskinstance.py:2076} INFO - Dependencies all met for dep_context=non-requeueable deps ti=<TaskInstance: titanic_ml_pipeline.train manual__2026-03-12T08:25:32.934559+00:00 [queued]>
[2026-03-12T08:30:43.292+0000] {taskinstance.py:2076} INFO - Dependencies all met for dep_context=requeueable deps ti=<TaskInstance: titanic_ml_pipeline.train manual__2026-03-12T08:25:32.934559+00:00 [queued]>
[2026-03-12T08:30:43.293+0000] {taskinstance.py:2306} INFO - Starting attempt 2 of 2
[2026-03-12T08:30:43.299+0000] {taskinstance.py:2330} INFO - Executing <Task(_PythonDecoratedOperator): train> on 2026-03-12 08:25:32.934559+00:00
[2026-03-12T08:30:43.308+0000] {logging_mixin.py:188} WARNING - /home/***/.local/lib/python3.12/site-packages/***/task/task_runner/standard_task_runner.py:61 DeprecationWarning: This process (pid=1355) is multi-threaded, use of fork() may lead to deadlocks in the child.
[2026-03-12T08:30:43.307+0000] {standard_task_runner.py:90} INFO - Running: ['***', 'tasks', 'run', 'titanic_ml_pipeline', 'train', 'manual__2026-03-12T08:25:32.934559+00:00', '--job-id', '102', '--raw', '--subdir', 'DAGS_FOLDER/titanic_ml_pipeline.py', '--cfg-path', '/tmp/tmpucilgzx8']
[2026-03-12T08:30:43.309+0000] {standard_task_runner.py:63} INFO - Started process 1374 to run task
[2026-03-12T08:30:43.309+0000] {standard_task_runner.py:91} INFO - Job 102: Subtask train
[2026-03-12T08:30:43.349+0000] {task_command.py:426} INFO - Running <TaskInstance: titanic_ml_pipeline.train manual__2026-03-12T08:25:32.934559+00:00 [running]> on host 7d760191f112
[2026-03-12T08:30:43.396+0000] {taskinstance.py:2648} INFO - Exporting env vars: AIRFLOW_CTX_DAG_OWNER='***' AIRFLOW_CTX_DAG_ID='titanic_ml_pipeline' AIRFLOW_CTX_TASK_ID='train' AIRFLOW_CTX_EXECUTION_DATE='2026-03-12T08:25:32.934559+00:00' AIRFLOW_CTX_TRY_NUMBER='2' AIRFLOW_CTX_DAG_RUN_ID='manual__2026-03-12T08:25:32.934559+00:00'
[2026-03-12T08:30:43.397+0000] {taskinstance.py:430} INFO - ::endgroup::
[2026-03-12T08:30:43.405+0000] {taskinstance.py:441} INFO - ::group::Post task execution logs
[2026-03-12T08:30:43.406+0000] {taskinstance.py:2905} ERROR - Task failed with exception
Traceback (most recent call last):
  File "/home/airflow/.local/lib/python3.12/site-packages/airflow/models/taskinstance.py", line 465, in _execute_task
    result = _execute_callable(context=context, **execute_callable_kwargs)
             ^^^^^^^^^^^^^^^^^^^^^^^^^^^^^^^^^^^^^^^^^^^^^^^^^^^^^^^^^^^^^
  File "/home/airflow/.local/lib/python3.12/site-packages/airflow/models/taskinstance.py", line 432, in _execute_callable
    return execute_callable(context=context, **execute_callable_kwargs)
           ^^^^^^^^^^^^^^^^^^^^^^^^^^^^^^^^^^^^^^^^^^^^^^^^^^^^^^^^^^^^
  File "/home/airflow/.local/lib/python3.12/site-packages/airflow/models/baseoperator.py", line 400, in wrapper
    return func(self, *args, **kwargs)
           ^^^^^^^^^^^^^^^^^^^^^^^^^^^
  File "/home/airflow/.local/lib/python3.12/site-packages/airflow/decorators/base.py", line 265, in execute
    return_value = super().execute(context)
                   ^^^^^^^^^^^^^^^^^^^^^^^^
  File "/home/airflow/.local/lib/python3.12/site-packages/airflow/models/baseoperator.py", line 400, in wrapper
    return func(self, *args, **kwargs)
           ^^^^^^^^^^^^^^^^^^^^^^^^^^^
  File "/home/airflow/.local/lib/python3.12/site-packages/airflow/operators/python.py", line 235, in execute
    return_value = self.execute_callable()
                   ^^^^^^^^^^^^^^^^^^^^^^^
  File "/home/airflow/.local/lib/python3.12/site-packages/airflow/operators/python.py", line 252, in execute_callable
    return self.python_callable(*self.op_args, **self.op_kwargs)
           ^^^^^^^^^^^^^^^^^^^^^^^^^^^^^^^^^^^^^^^^^^^^^^^^^^^^^
  File "/opt/airflow/dags/titanic_ml_pipeline.py", line 76, in train
    X = df.drop(columns=['Survived', 'Name', 'Ticket', 'Cabin'])
        ^^^^^^^^^^^^^^^^^^^^^^^^^^^^^^^^^^^^^^^^^^^^^^^^^^^^^^^^
  File "/home/airflow/.local/lib/python3.12/site-packages/pandas/core/frame.py", line 5344, in drop
    return super().drop(
           ^^^^^^^^^^^^^
  File "/home/airflow/.local/lib/python3.12/site-packages/pandas/core/generic.py", line 4711, in drop
    obj = obj._drop_axis(labels, axis, level=level, errors=errors)
          ^^^^^^^^^^^^^^^^^^^^^^^^^^^^^^^^^^^^^^^^^^^^^^^^^^^^^^^^
  File "/home/airflow/.local/lib/python3.12/site-packages/pandas/core/generic.py", line 4753, in _drop_axis
    new_axis = axis.drop(labels, errors=errors)
               ^^^^^^^^^^^^^^^^^^^^^^^^^^^^^^^^
  File "/home/airflow/.local/lib/python3.12/site-packages/pandas/core/indexes/base.py", line 7000, in drop
    raise KeyError(f"{labels[mask].tolist()} not found in axis")
KeyError: "['Name', 'Ticket', 'Cabin'] not found in axis"
[2026-03-12T08:30:43.417+0000] {taskinstance.py:1206} INFO - Marking task as FAILED. dag_id=titanic_ml_pipeline, task_id=train, run_id=manual__2026-03-12T08:25:32.934559+00:00, execution_date=20260312T082532, start_date=20260312T083043, end_date=20260312T083043
[2026-03-12T08:30:43.424+0000] {standard_task_runner.py:110} ERROR - Failed to execute job 102 for task train ("['Name', 'Ticket', 'Cabin'] not found in axis"; 1374)
[2026-03-12T08:30:43.442+0000] {local_task_job_runner.py:240} INFO - Task exited with return code 1
[2026-03-12T08:30:43.455+0000] {taskinstance.py:3498} INFO - 0 downstream tasks scheduled from follow-on schedule check
[2026-03-12T08:30:43.458+0000] {local_task_job_runner.py:222} INFO - ::endgroup::
