[2026-03-12T08:57:29.705+0000] {local_task_job_runner.py:120} INFO - ::group::Pre task execution logs
[2026-03-12T08:57:29.727+0000] {taskinstance.py:2076} INFO - Dependencies all met for dep_context=non-requeueable deps ti=<TaskInstance: titanic_ml_pipeline.register_model manual__2026-03-12T08:57:05.814847+00:00 [queued]>
[2026-03-12T08:57:29.735+0000] {taskinstance.py:2076} INFO - Dependencies all met for dep_context=requeueable deps ti=<TaskInstance: titanic_ml_pipeline.register_model manual__2026-03-12T08:57:05.814847+00:00 [queued]>
[2026-03-12T08:57:29.736+0000] {taskinstance.py:2306} INFO - Starting attempt 1 of 1
[2026-03-12T08:57:29.744+0000] {taskinstance.py:2330} INFO - Executing <Task(_PythonDecoratedOperator): register_model> on 2026-03-12 08:57:05.814847+00:00
[2026-03-12T08:57:29.756+0000] {logging_mixin.py:188} WARNING - /home/***/.local/lib/python3.12/site-packages/***/task/task_runner/standard_task_runner.py:61 DeprecationWarning: This process (pid=444) is multi-threaded, use of fork() may lead to deadlocks in the child.
[2026-03-12T08:57:29.754+0000] {standard_task_runner.py:90} INFO - Running: ['***', 'tasks', 'run', 'titanic_ml_pipeline', 'register_model', 'manual__2026-03-12T08:57:05.814847+00:00', '--job-id', '165', '--raw', '--subdir', 'DAGS_FOLDER/titanic_ml_pipeline.py', '--cfg-path', '/tmp/tmpt36aute5']
[2026-03-12T08:57:29.756+0000] {standard_task_runner.py:63} INFO - Started process 481 to run task
[2026-03-12T08:57:29.757+0000] {standard_task_runner.py:91} INFO - Job 165: Subtask register_model
[2026-03-12T08:57:29.820+0000] {task_command.py:426} INFO - Running <TaskInstance: titanic_ml_pipeline.register_model manual__2026-03-12T08:57:05.814847+00:00 [running]> on host ec1fdd424ed5
[2026-03-12T08:57:29.892+0000] {taskinstance.py:2648} INFO - Exporting env vars: AIRFLOW_CTX_DAG_OWNER='***' AIRFLOW_CTX_DAG_ID='titanic_ml_pipeline' AIRFLOW_CTX_TASK_ID='register_model' AIRFLOW_CTX_EXECUTION_DATE='2026-03-12T08:57:05.814847+00:00' AIRFLOW_CTX_TRY_NUMBER='1' AIRFLOW_CTX_DAG_RUN_ID='manual__2026-03-12T08:57:05.814847+00:00'
[2026-03-12T08:57:29.893+0000] {taskinstance.py:430} INFO - ::endgroup::
[2026-03-12T08:57:30.353+0000] {logging_mixin.py:188} WARNING - 2026/03/12 08:57:30 INFO mlflow.tracking.fluent: Experiment with name 'titanic' does not exist. Creating a new experiment.
[2026-03-12T08:57:30.413+0000] {logging_mixin.py:188} WARNING - 2026/03/12 08:57:30 WARNING mlflow.utils.git_utils: Failed to import Git (the Git executable is probably not on your PATH), so Git SHA is not available. Error: Failed to initialize: Bad git executable.
The git executable must be specified in one of the following ways:
    - be included in your $PATH
    - be set via $GIT_PYTHON_GIT_EXECUTABLE
    - explicitly set via git.refresh(<full-path-to-git-executable>)

All git commands will error until this is rectified.

This initial message can be silenced or aggravated in the future by setting the
$GIT_PYTHON_REFRESH environment variable. Use one of the following values:
    - quiet|q|silence|s|silent|none|n|0: for no message or exception
    - warn|w|warning|log|l|1: for a warning message (logging level CRITICAL, displayed by default)
    - error|e|exception|raise|r|2: for a raised exception

Example:
    export GIT_PYTHON_REFRESH=quiet
[2026-03-12T08:57:33.830+0000] {logging_mixin.py:188} WARNING - Successfully registered model 'titanic_rf_model'.
[2026-03-12T08:57:33.865+0000] {logging_mixin.py:188} WARNING - 2026/03/12 08:57:33 INFO mlflow.store.model_registry.abstract_store: Waiting up to 300 seconds for model version to finish creation. Model name: titanic_rf_model, version 1
[2026-03-12T08:57:33.866+0000] {logging_mixin.py:188} WARNING - Created version '1' of model 'titanic_rf_model'.
[2026-03-12T08:57:33.880+0000] {python.py:237} INFO - Done. Returned value was: Model registered
[2026-03-12T08:57:33.882+0000] {taskinstance.py:441} INFO - ::group::Post task execution logs
[2026-03-12T08:57:33.904+0000] {taskinstance.py:1206} INFO - Marking task as SUCCESS. dag_id=titanic_ml_pipeline, task_id=register_model, run_id=manual__2026-03-12T08:57:05.814847+00:00, execution_date=20260312T085705, start_date=20260312T085729, end_date=20260312T085733
[2026-03-12T08:57:33.953+0000] {local_task_job_runner.py:240} INFO - Task exited with return code 0
[2026-03-12T08:57:33.976+0000] {taskinstance.py:3498} INFO - 1 downstream tasks scheduled from follow-on schedule check
[2026-03-12T08:57:33.978+0000] {local_task_job_runner.py:222} INFO - ::endgroup::
