[2026-03-12T08:35:54.125+0000] {local_task_job_runner.py:120} INFO - ::group::Pre task execution logs
[2026-03-12T08:35:54.142+0000] {taskinstance.py:2076} INFO - Dependencies all met for dep_context=non-requeueable deps ti=<TaskInstance: titanic_ml_pipeline.register_model__1 manual__2026-03-12T08:35:35.669822+00:00 [queued]>
[2026-03-12T08:35:54.149+0000] {taskinstance.py:2076} INFO - Dependencies all met for dep_context=requeueable deps ti=<TaskInstance: titanic_ml_pipeline.register_model__1 manual__2026-03-12T08:35:35.669822+00:00 [queued]>
[2026-03-12T08:35:54.150+0000] {taskinstance.py:2306} INFO - Starting attempt 1 of 1
[2026-03-12T08:35:54.158+0000] {taskinstance.py:2330} INFO - Executing <Task(_PythonDecoratedOperator): register_model__1> on 2026-03-12 08:35:35.669822+00:00
[2026-03-12T08:35:54.166+0000] {logging_mixin.py:188} WARNING - /home/***/.local/lib/python3.12/site-packages/***/task/task_runner/standard_task_runner.py:61 DeprecationWarning: This process (pid=2072) is multi-threaded, use of fork() may lead to deadlocks in the child.
[2026-03-12T08:35:54.169+0000] {standard_task_runner.py:63} INFO - Started process 2109 to run task
[2026-03-12T08:35:54.167+0000] {standard_task_runner.py:90} INFO - Running: ['***', 'tasks', 'run', 'titanic_ml_pipeline', 'register_model__1', 'manual__2026-03-12T08:35:35.669822+00:00', '--job-id', '126', '--raw', '--subdir', 'DAGS_FOLDER/titanic_ml_pipeline.py', '--cfg-path', '/tmp/tmpp3zf3o2p']
[2026-03-12T08:35:54.169+0000] {standard_task_runner.py:91} INFO - Job 126: Subtask register_model__1
[2026-03-12T08:35:54.212+0000] {task_command.py:426} INFO - Running <TaskInstance: titanic_ml_pipeline.register_model__1 manual__2026-03-12T08:35:35.669822+00:00 [running]> on host 7d760191f112
[2026-03-12T08:35:54.269+0000] {taskinstance.py:2648} INFO - Exporting env vars: AIRFLOW_CTX_DAG_OWNER='***' AIRFLOW_CTX_DAG_ID='titanic_ml_pipeline' AIRFLOW_CTX_TASK_ID='register_model__1' AIRFLOW_CTX_EXECUTION_DATE='2026-03-12T08:35:35.669822+00:00' AIRFLOW_CTX_TRY_NUMBER='1' AIRFLOW_CTX_DAG_RUN_ID='manual__2026-03-12T08:35:35.669822+00:00'
[2026-03-12T08:35:54.271+0000] {taskinstance.py:430} INFO - ::endgroup::
[2026-03-12T08:35:54.372+0000] {logging_mixin.py:188} WARNING - 2026/03/12 08:35:54 WARNING mlflow.utils.git_utils: Failed to import Git (the Git executable is probably not on your PATH), so Git SHA is not available. Error: Failed to initialize: Bad git executable.
The git executable must be specified in one of the following ways:
    - be included in your $PATH
    - be set via $GIT_PYTHON_GIT_EXECUTABLE
    - explicitly set via git.refresh(<full-path-to-git-executable>)

All git commands will error until this is rectified.

This initial message can be silenced or aggravated in the future by setting the
$GIT_PYTHON_REFRESH environment variable. Use one of the following values:
    - quiet|q|silence|s|silent|none|n|0: for no message or exception
    - warn|w|warning|log|l|1: for a warning message (logging level CRITICAL, displayed by default)
    - error|e|exception|raise|r|2: for a raised exception

Example:
    export GIT_PYTHON_REFRESH=quiet
[2026-03-12T08:35:54.396+0000] {taskinstance.py:441} INFO - ::group::Post task execution logs
[2026-03-12T08:35:54.397+0000] {taskinstance.py:2905} ERROR - Task failed with exception
Traceback (most recent call last):
  File "/home/airflow/.local/lib/python3.12/site-packages/airflow/models/taskinstance.py", line 465, in _execute_task
    result = _execute_callable(context=context, **execute_callable_kwargs)
             ^^^^^^^^^^^^^^^^^^^^^^^^^^^^^^^^^^^^^^^^^^^^^^^^^^^^^^^^^^^^^
  File "/home/airflow/.local/lib/python3.12/site-packages/airflow/models/taskinstance.py", line 432, in _execute_callable
    return execute_callable(context=context, **execute_callable_kwargs)
           ^^^^^^^^^^^^^^^^^^^^^^^^^^^^^^^^^^^^^^^^^^^^^^^^^^^^^^^^^^^^
  File "/home/airflow/.local/lib/python3.12/site-packages/airflow/models/baseoperator.py", line 400, in wrapper
    return func(self, *args, **kwargs)
           ^^^^^^^^^^^^^^^^^^^^^^^^^^^
  File "/home/airflow/.local/lib/python3.12/site-packages/airflow/decorators/base.py", line 265, in execute
    return_value = super().execute(context)
                   ^^^^^^^^^^^^^^^^^^^^^^^^
  File "/home/airflow/.local/lib/python3.12/site-packages/airflow/models/baseoperator.py", line 400, in wrapper
    return func(self, *args, **kwargs)
           ^^^^^^^^^^^^^^^^^^^^^^^^^^^
  File "/home/airflow/.local/lib/python3.12/site-packages/airflow/operators/python.py", line 235, in execute
    return_value = self.execute_callable()
                   ^^^^^^^^^^^^^^^^^^^^^^^
  File "/home/airflow/.local/lib/python3.12/site-packages/airflow/operators/python.py", line 252, in execute_callable
    return self.python_callable(*self.op_args, **self.op_kwargs)
           ^^^^^^^^^^^^^^^^^^^^^^^^^^^^^^^^^^^^^^^^^^^^^^^^^^^^^
  File "/opt/airflow/dags/titanic_ml_pipeline.py", line 108, in register_model
    with mlflow.start_run():
         ^^^^^^^^^^^^^^^^^^
  File "/home/airflow/.local/lib/python3.12/site-packages/mlflow/tracking/fluent.py", line 544, in start_run
    active_run_obj = client.create_run(
                     ^^^^^^^^^^^^^^^^^^
  File "/home/airflow/.local/lib/python3.12/site-packages/mlflow/tracking/client.py", line 604, in create_run
    return self._tracking_client.create_run(experiment_id, start_time, tags, run_name)
           ^^^^^^^^^^^^^^^^^^^^^^^^^^^^^^^^^^^^^^^^^^^^^^^^^^^^^^^^^^^^^^^^^^^^^^^^^^^
  File "/home/airflow/.local/lib/python3.12/site-packages/mlflow/telemetry/track.py", line 30, in wrapper
    result = func(*args, **kwargs)
             ^^^^^^^^^^^^^^^^^^^^^
  File "/home/airflow/.local/lib/python3.12/site-packages/mlflow/tracking/_tracking_service/client.py", line 186, in create_run
    return self.store.create_run(
           ^^^^^^^^^^^^^^^^^^^^^^
  File "/home/airflow/.local/lib/python3.12/site-packages/mlflow/store/tracking/rest_store.py", line 370, in create_run
    response_proto = self._call_endpoint(CreateRun, req_body)
                     ^^^^^^^^^^^^^^^^^^^^^^^^^^^^^^^^^^^^^^^^
  File "/home/airflow/.local/lib/python3.12/site-packages/mlflow/store/tracking/rest_store.py", line 233, in _call_endpoint
    return call_endpoint(
           ^^^^^^^^^^^^^^
  File "/home/airflow/.local/lib/python3.12/site-packages/mlflow/utils/rest_utils.py", line 627, in call_endpoint
    response = verify_rest_response(
               ^^^^^^^^^^^^^^^^^^^^^
  File "/home/airflow/.local/lib/python3.12/site-packages/mlflow/utils/rest_utils.py", line 348, in verify_rest_response
    raise MlflowException(
mlflow.exceptions.MlflowException: API request to endpoint /api/2.0/mlflow/runs/create failed with error code 403 != 200. Response body: 'Invalid Host header - possible DNS rebinding attack detected'
[2026-03-12T08:35:54.407+0000] {taskinstance.py:1206} INFO - Marking task as FAILED. dag_id=titanic_ml_pipeline, task_id=register_model__1, run_id=manual__2026-03-12T08:35:35.669822+00:00, execution_date=20260312T083535, start_date=20260312T083554, end_date=20260312T083554
[2026-03-12T08:35:54.413+0000] {standard_task_runner.py:110} ERROR - Failed to execute job 126 for task register_model__1 (API request to endpoint /api/2.0/mlflow/runs/create failed with error code 403 != 200. Response body: 'Invalid Host header - possible DNS rebinding attack detected'; 2109)
[2026-03-12T08:35:54.423+0000] {local_task_job_runner.py:240} INFO - Task exited with return code 1
[2026-03-12T08:35:54.437+0000] {taskinstance.py:3498} INFO - 0 downstream tasks scheduled from follow-on schedule check
[2026-03-12T08:35:54.441+0000] {local_task_job_runner.py:222} INFO - ::endgroup::
