[2026-03-12T08:07:44.668+0000] {local_task_job_runner.py:120} INFO - ::group::Pre task execution logs
[2026-03-12T08:07:44.684+0000] {taskinstance.py:2076} INFO - Dependencies all met for dep_context=non-requeueable deps ti=<TaskInstance: titanic_ml_pipeline.ingest manual__2026-03-12T08:02:39.846381+00:00 [queued]>
[2026-03-12T08:07:44.688+0000] {taskinstance.py:2076} INFO - Dependencies all met for dep_context=requeueable deps ti=<TaskInstance: titanic_ml_pipeline.ingest manual__2026-03-12T08:02:39.846381+00:00 [queued]>
[2026-03-12T08:07:44.689+0000] {taskinstance.py:2306} INFO - Starting attempt 2 of 2
[2026-03-12T08:07:44.696+0000] {taskinstance.py:2330} INFO - Executing <Task(_PythonDecoratedOperator): ingest> on 2026-03-12 08:02:39.846381+00:00
[2026-03-12T08:07:44.703+0000] {logging_mixin.py:188} WARNING - /home/***/.local/lib/python3.12/site-packages/***/task/task_runner/standard_task_runner.py:61 DeprecationWarning: This process (pid=506) is multi-threaded, use of fork() may lead to deadlocks in the child.
[2026-03-12T08:07:44.704+0000] {standard_task_runner.py:63} INFO - Started process 525 to run task
[2026-03-12T08:07:44.703+0000] {standard_task_runner.py:90} INFO - Running: ['***', 'tasks', 'run', 'titanic_ml_pipeline', 'ingest', 'manual__2026-03-12T08:02:39.846381+00:00', '--job-id', '5', '--raw', '--subdir', 'DAGS_FOLDER/titanic_ml_pipeline.py', '--cfg-path', '/tmp/tmpv25u23im']
[2026-03-12T08:07:44.705+0000] {standard_task_runner.py:91} INFO - Job 5: Subtask ingest
[2026-03-12T08:07:44.746+0000] {task_command.py:426} INFO - Running <TaskInstance: titanic_ml_pipeline.ingest manual__2026-03-12T08:02:39.846381+00:00 [running]> on host 50d9b52eb3e4
[2026-03-12T08:07:44.794+0000] {taskinstance.py:2648} INFO - Exporting env vars: AIRFLOW_CTX_DAG_OWNER='you' AIRFLOW_CTX_DAG_ID='titanic_ml_pipeline' AIRFLOW_CTX_TASK_ID='ingest' AIRFLOW_CTX_EXECUTION_DATE='2026-03-12T08:02:39.846381+00:00' AIRFLOW_CTX_TRY_NUMBER='2' AIRFLOW_CTX_DAG_RUN_ID='manual__2026-03-12T08:02:39.846381+00:00'
[2026-03-12T08:07:44.795+0000] {taskinstance.py:430} INFO - ::endgroup::
[2026-03-12T08:07:44.805+0000] {logging_mixin.py:188} INFO - Dataset shape: (891, 12)
[2026-03-12T08:07:44.807+0000] {logging_mixin.py:188} INFO - Missing values:
[2026-03-12T08:07:44.807+0000] {logging_mixin.py:188} INFO -  PassengerId      0
Survived         0
Pclass           0
Name             0
Sex              0
Age            177
SibSp            0
Parch            0
Ticket           0
Fare             0
Cabin          687
Embarked         2
dtype: int64
[2026-03-12T08:07:44.808+0000] {python.py:237} INFO - Done. Returned value was: /opt/***/data/titanic.csv
[2026-03-12T08:07:44.808+0000] {taskinstance.py:441} INFO - ::group::Post task execution logs
[2026-03-12T08:07:44.821+0000] {taskinstance.py:1206} INFO - Marking task as SUCCESS. dag_id=titanic_ml_pipeline, task_id=ingest, run_id=manual__2026-03-12T08:02:39.846381+00:00, execution_date=20260312T080239, start_date=20260312T080744, end_date=20260312T080744
[2026-03-12T08:07:44.837+0000] {local_task_job_runner.py:240} INFO - Task exited with return code 0
[2026-03-12T08:07:44.851+0000] {taskinstance.py:3498} INFO - 1 downstream tasks scheduled from follow-on schedule check
[2026-03-12T08:07:44.853+0000] {local_task_job_runner.py:222} INFO - ::endgroup::
