[2026-03-12T08:02:42.278+0000] {local_task_job_runner.py:120} INFO - ::group::Pre task execution logs
[2026-03-12T08:02:42.297+0000] {taskinstance.py:2076} INFO - Dependencies all met for dep_context=non-requeueable deps ti=<TaskInstance: titanic_ml_pipeline.ingest manual__2026-03-12T08:02:39.846381+00:00 [queued]>
[2026-03-12T08:02:42.302+0000] {taskinstance.py:2076} INFO - Dependencies all met for dep_context=requeueable deps ti=<TaskInstance: titanic_ml_pipeline.ingest manual__2026-03-12T08:02:39.846381+00:00 [queued]>
[2026-03-12T08:02:42.302+0000] {taskinstance.py:2306} INFO - Starting attempt 1 of 2
[2026-03-12T08:02:42.310+0000] {taskinstance.py:2330} INFO - Executing <Task(_PythonDecoratedOperator): ingest> on 2026-03-12 08:02:39.846381+00:00
[2026-03-12T08:02:42.318+0000] {logging_mixin.py:188} WARNING - /home/***/.local/lib/python3.12/site-packages/***/task/task_runner/standard_task_runner.py:61 DeprecationWarning: This process (pid=279) is multi-threaded, use of fork() may lead to deadlocks in the child.
[2026-03-12T08:02:42.319+0000] {standard_task_runner.py:63} INFO - Started process 298 to run task
[2026-03-12T08:02:42.318+0000] {standard_task_runner.py:90} INFO - Running: ['***', 'tasks', 'run', 'titanic_ml_pipeline', 'ingest', 'manual__2026-03-12T08:02:39.846381+00:00', '--job-id', '4', '--raw', '--subdir', 'DAGS_FOLDER/titanic_ml_pipeline.py', '--cfg-path', '/tmp/tmpmxnsvuk6']
[2026-03-12T08:02:42.320+0000] {standard_task_runner.py:91} INFO - Job 4: Subtask ingest
[2026-03-12T08:02:42.365+0000] {task_command.py:426} INFO - Running <TaskInstance: titanic_ml_pipeline.ingest manual__2026-03-12T08:02:39.846381+00:00 [running]> on host 50d9b52eb3e4
[2026-03-12T08:02:42.419+0000] {taskinstance.py:2648} INFO - Exporting env vars: AIRFLOW_CTX_DAG_OWNER='you' AIRFLOW_CTX_DAG_ID='titanic_ml_pipeline' AIRFLOW_CTX_TASK_ID='ingest' AIRFLOW_CTX_EXECUTION_DATE='2026-03-12T08:02:39.846381+00:00' AIRFLOW_CTX_TRY_NUMBER='1' AIRFLOW_CTX_DAG_RUN_ID='manual__2026-03-12T08:02:39.846381+00:00'
[2026-03-12T08:02:42.420+0000] {taskinstance.py:430} INFO - ::endgroup::
[2026-03-12T08:02:42.422+0000] {taskinstance.py:441} INFO - ::group::Post task execution logs
[2026-03-12T08:02:42.423+0000] {taskinstance.py:2905} ERROR - Task failed with exception
Traceback (most recent call last):
  File "/home/airflow/.local/lib/python3.12/site-packages/airflow/models/taskinstance.py", line 465, in _execute_task
    result = _execute_callable(context=context, **execute_callable_kwargs)
             ^^^^^^^^^^^^^^^^^^^^^^^^^^^^^^^^^^^^^^^^^^^^^^^^^^^^^^^^^^^^^
  File "/home/airflow/.local/lib/python3.12/site-packages/airflow/models/taskinstance.py", line 432, in _execute_callable
    return execute_callable(context=context, **execute_callable_kwargs)
           ^^^^^^^^^^^^^^^^^^^^^^^^^^^^^^^^^^^^^^^^^^^^^^^^^^^^^^^^^^^^
  File "/home/airflow/.local/lib/python3.12/site-packages/airflow/models/baseoperator.py", line 400, in wrapper
    return func(self, *args, **kwargs)
           ^^^^^^^^^^^^^^^^^^^^^^^^^^^
  File "/home/airflow/.local/lib/python3.12/site-packages/airflow/decorators/base.py", line 265, in execute
    return_value = super().execute(context)
                   ^^^^^^^^^^^^^^^^^^^^^^^^
  File "/home/airflow/.local/lib/python3.12/site-packages/airflow/models/baseoperator.py", line 400, in wrapper
    return func(self, *args, **kwargs)
           ^^^^^^^^^^^^^^^^^^^^^^^^^^^
  File "/home/airflow/.local/lib/python3.12/site-packages/airflow/operators/python.py", line 235, in execute
    return_value = self.execute_callable()
                   ^^^^^^^^^^^^^^^^^^^^^^^
  File "/home/airflow/.local/lib/python3.12/site-packages/airflow/operators/python.py", line 252, in execute_callable
    return self.python_callable(*self.op_args, **self.op_kwargs)
           ^^^^^^^^^^^^^^^^^^^^^^^^^^^^^^^^^^^^^^^^^^^^^^^^^^^^^
  File "/opt/airflow/dags/titanic_ml_pipeline.py", line 30, in ingest
    df = pd.read_csv(DATA_PATH)
         ^^^^^^^^^^^^^^^^^^^^^^
  File "/home/airflow/.local/lib/python3.12/site-packages/pandas/io/parsers/readers.py", line 948, in read_csv
    return _read(filepath_or_buffer, kwds)
           ^^^^^^^^^^^^^^^^^^^^^^^^^^^^^^^
  File "/home/airflow/.local/lib/python3.12/site-packages/pandas/io/parsers/readers.py", line 611, in _read
    parser = TextFileReader(filepath_or_buffer, **kwds)
             ^^^^^^^^^^^^^^^^^^^^^^^^^^^^^^^^^^^^^^^^^^
  File "/home/airflow/.local/lib/python3.12/site-packages/pandas/io/parsers/readers.py", line 1448, in __init__
    self._engine = self._make_engine(f, self.engine)
                   ^^^^^^^^^^^^^^^^^^^^^^^^^^^^^^^^^
  File "/home/airflow/.local/lib/python3.12/site-packages/pandas/io/parsers/readers.py", line 1705, in _make_engine
    self.handles = get_handle(
                   ^^^^^^^^^^^
  File "/home/airflow/.local/lib/python3.12/site-packages/pandas/io/common.py", line 863, in get_handle
    handle = open(
             ^^^^^
FileNotFoundError: [Errno 2] No such file or directory: '/opt/airflow/data/titanic.csv'
[2026-03-12T08:02:42.431+0000] {taskinstance.py:1206} INFO - Marking task as UP_FOR_RETRY. dag_id=titanic_ml_pipeline, task_id=ingest, run_id=manual__2026-03-12T08:02:39.846381+00:00, execution_date=20260312T080239, start_date=20260312T080242, end_date=20260312T080242
[2026-03-12T08:02:42.439+0000] {standard_task_runner.py:110} ERROR - Failed to execute job 4 for task ingest ([Errno 2] No such file or directory: '/opt/airflow/data/titanic.csv'; 298)
[2026-03-12T08:02:42.459+0000] {local_task_job_runner.py:240} INFO - Task exited with return code 1
[2026-03-12T08:02:42.474+0000] {taskinstance.py:3498} INFO - 0 downstream tasks scheduled from follow-on schedule check
[2026-03-12T08:02:42.475+0000] {local_task_job_runner.py:222} INFO - ::endgroup::
