[2026-03-12T09:18:00.135+0000] {local_task_job_runner.py:120} INFO - ::group::Pre task execution logs
[2026-03-12T09:18:00.158+0000] {taskinstance.py:2076} INFO - Dependencies all met for dep_context=non-requeueable deps ti=<TaskInstance: titanic_ml_pipeline.evaluate manual__2026-03-12T09:17:31+00:00 [queued]>
[2026-03-12T09:18:00.164+0000] {taskinstance.py:2076} INFO - Dependencies all met for dep_context=requeueable deps ti=<TaskInstance: titanic_ml_pipeline.evaluate manual__2026-03-12T09:17:31+00:00 [queued]>
[2026-03-12T09:18:00.165+0000] {taskinstance.py:2306} INFO - Starting attempt 1 of 1
[2026-03-12T09:18:00.173+0000] {taskinstance.py:2330} INFO - Executing <Task(_PythonDecoratedOperator): evaluate> on 2026-03-12 09:17:31+00:00
[2026-03-12T09:18:00.184+0000] {logging_mixin.py:188} WARNING - /home/***/.local/lib/python3.12/site-packages/***/task/task_runner/standard_task_runner.py:61 DeprecationWarning: This process (pid=2580) is multi-threaded, use of fork() may lead to deadlocks in the child.
[2026-03-12T09:18:00.184+0000] {standard_task_runner.py:90} INFO - Running: ['***', 'tasks', 'run', 'titanic_ml_pipeline', 'evaluate', 'manual__2026-03-12T09:17:31+00:00', '--job-id', '223', '--raw', '--subdir', 'DAGS_FOLDER/titanic_ml_pipeline.py', '--cfg-path', '/tmp/tmp54np9s5t']
[2026-03-12T09:18:00.187+0000] {standard_task_runner.py:63} INFO - Started process 2598 to run task
[2026-03-12T09:18:00.187+0000] {standard_task_runner.py:91} INFO - Job 223: Subtask evaluate
[2026-03-12T09:18:00.251+0000] {task_command.py:426} INFO - Running <TaskInstance: titanic_ml_pipeline.evaluate manual__2026-03-12T09:17:31+00:00 [running]> on host ec1fdd424ed5
[2026-03-12T09:18:00.332+0000] {taskinstance.py:2648} INFO - Exporting env vars: AIRFLOW_CTX_DAG_OWNER='***' AIRFLOW_CTX_DAG_ID='titanic_ml_pipeline' AIRFLOW_CTX_TASK_ID='evaluate' AIRFLOW_CTX_EXECUTION_DATE='2026-03-12T09:17:31+00:00' AIRFLOW_CTX_TRY_NUMBER='1' AIRFLOW_CTX_DAG_RUN_ID='manual__2026-03-12T09:17:31+00:00'
[2026-03-12T09:18:00.334+0000] {taskinstance.py:430} INFO - ::endgroup::
[2026-03-12T09:18:00.457+0000] {logging_mixin.py:188} INFO - Accuracy:  0.8156
[2026-03-12T09:18:00.459+0000] {logging_mixin.py:188} INFO - F1 Score:  0.7626
[2026-03-12T09:18:00.460+0000] {logging_mixin.py:188} INFO - Precision: 0.8154
[2026-03-12T09:18:00.460+0000] {logging_mixin.py:188} INFO - Recall:    0.7162
[2026-03-12T09:18:00.460+0000] {python.py:237} INFO - Done. Returned value was: 0.8156424581005587
[2026-03-12T09:18:00.461+0000] {taskinstance.py:441} INFO - ::group::Post task execution logs
[2026-03-12T09:18:00.482+0000] {taskinstance.py:1206} INFO - Marking task as SUCCESS. dag_id=titanic_ml_pipeline, task_id=evaluate, run_id=manual__2026-03-12T09:17:31+00:00, execution_date=20260312T091731, start_date=20260312T091800, end_date=20260312T091800
[2026-03-12T09:18:00.522+0000] {local_task_job_runner.py:240} INFO - Task exited with return code 0
[2026-03-12T09:18:00.542+0000] {taskinstance.py:3498} INFO - 1 downstream tasks scheduled from follow-on schedule check
[2026-03-12T09:18:00.545+0000] {local_task_job_runner.py:222} INFO - ::endgroup::
