[2026-03-12T08:12:54.263+0000] {local_task_job_runner.py:120} INFO - ::group::Pre task execution logs
[2026-03-12T08:12:54.281+0000] {taskinstance.py:2076} INFO - Dependencies all met for dep_context=non-requeueable deps ti=<TaskInstance: titanic_ml_pipeline.encode manual__2026-03-12T08:02:39.846381+00:00 [queued]>
[2026-03-12T08:12:54.287+0000] {taskinstance.py:2076} INFO - Dependencies all met for dep_context=requeueable deps ti=<TaskInstance: titanic_ml_pipeline.encode manual__2026-03-12T08:02:39.846381+00:00 [queued]>
[2026-03-12T08:12:54.287+0000] {taskinstance.py:2306} INFO - Starting attempt 1 of 2
[2026-03-12T08:12:54.295+0000] {taskinstance.py:2330} INFO - Executing <Task(_PythonDecoratedOperator): encode> on 2026-03-12 08:02:39.846381+00:00
[2026-03-12T08:12:54.303+0000] {standard_task_runner.py:90} INFO - Running: ['***', 'tasks', 'run', 'titanic_ml_pipeline', 'encode', 'manual__2026-03-12T08:02:39.846381+00:00', '--job-id', '17', '--raw', '--subdir', 'DAGS_FOLDER/titanic_ml_pipeline.py', '--cfg-path', '/tmp/tmp36b96dnz']
[2026-03-12T08:12:54.305+0000] {logging_mixin.py:188} WARNING - /home/***/.local/lib/python3.12/site-packages/***/task/task_runner/standard_task_runner.py:61 DeprecationWarning: This process (pid=1007) is multi-threaded, use of fork() may lead to deadlocks in the child.
[2026-03-12T08:12:54.306+0000] {standard_task_runner.py:91} INFO - Job 17: Subtask encode
[2026-03-12T08:12:54.306+0000] {standard_task_runner.py:63} INFO - Started process 1025 to run task
[2026-03-12T08:12:54.348+0000] {task_command.py:426} INFO - Running <TaskInstance: titanic_ml_pipeline.encode manual__2026-03-12T08:02:39.846381+00:00 [running]> on host 50d9b52eb3e4
[2026-03-12T08:12:54.403+0000] {taskinstance.py:2648} INFO - Exporting env vars: AIRFLOW_CTX_DAG_OWNER='you' AIRFLOW_CTX_DAG_ID='titanic_ml_pipeline' AIRFLOW_CTX_TASK_ID='encode' AIRFLOW_CTX_EXECUTION_DATE='2026-03-12T08:02:39.846381+00:00' AIRFLOW_CTX_TRY_NUMBER='1' AIRFLOW_CTX_DAG_RUN_ID='manual__2026-03-12T08:02:39.846381+00:00'
[2026-03-12T08:12:54.404+0000] {taskinstance.py:430} INFO - ::endgroup::
[2026-03-12T08:12:54.411+0000] {taskinstance.py:441} INFO - ::group::Post task execution logs
[2026-03-12T08:12:54.412+0000] {taskinstance.py:2905} ERROR - Task failed with exception
Traceback (most recent call last):
  File "/home/airflow/.local/lib/python3.12/site-packages/airflow/models/taskinstance.py", line 465, in _execute_task
    result = _execute_callable(context=context, **execute_callable_kwargs)
             ^^^^^^^^^^^^^^^^^^^^^^^^^^^^^^^^^^^^^^^^^^^^^^^^^^^^^^^^^^^^^
  File "/home/airflow/.local/lib/python3.12/site-packages/airflow/models/taskinstance.py", line 432, in _execute_callable
    return execute_callable(context=context, **execute_callable_kwargs)
           ^^^^^^^^^^^^^^^^^^^^^^^^^^^^^^^^^^^^^^^^^^^^^^^^^^^^^^^^^^^^
  File "/home/airflow/.local/lib/python3.12/site-packages/airflow/models/baseoperator.py", line 400, in wrapper
    return func(self, *args, **kwargs)
           ^^^^^^^^^^^^^^^^^^^^^^^^^^^
  File "/home/airflow/.local/lib/python3.12/site-packages/airflow/decorators/base.py", line 265, in execute
    return_value = super().execute(context)
                   ^^^^^^^^^^^^^^^^^^^^^^^^
  File "/home/airflow/.local/lib/python3.12/site-packages/airflow/models/baseoperator.py", line 400, in wrapper
    return func(self, *args, **kwargs)
           ^^^^^^^^^^^^^^^^^^^^^^^^^^^
  File "/home/airflow/.local/lib/python3.12/site-packages/airflow/operators/python.py", line 235, in execute
    return_value = self.execute_callable()
                   ^^^^^^^^^^^^^^^^^^^^^^^
  File "/home/airflow/.local/lib/python3.12/site-packages/airflow/operators/python.py", line 252, in execute_callable
    return self.python_callable(*self.op_args, **self.op_kwargs)
           ^^^^^^^^^^^^^^^^^^^^^^^^^^^^^^^^^^^^^^^^^^^^^^^^^^^^^
  File "/opt/airflow/dags/titanic_ml_pipeline.py", line 70, in encode
    enc = OneHotEncoder(sparse=False)
          ^^^^^^^^^^^^^^^^^^^^^^^^^^^
TypeError: OneHotEncoder.__init__() got an unexpected keyword argument 'sparse'
[2026-03-12T08:12:54.419+0000] {taskinstance.py:1206} INFO - Marking task as UP_FOR_RETRY. dag_id=titanic_ml_pipeline, task_id=encode, run_id=manual__2026-03-12T08:02:39.846381+00:00, execution_date=20260312T080239, start_date=20260312T081254, end_date=20260312T081254
[2026-03-12T08:12:54.426+0000] {standard_task_runner.py:110} ERROR - Failed to execute job 17 for task encode (OneHotEncoder.__init__() got an unexpected keyword argument 'sparse'; 1025)
[2026-03-12T08:12:54.440+0000] {local_task_job_runner.py:240} INFO - Task exited with return code 1
[2026-03-12T08:12:54.453+0000] {taskinstance.py:3498} INFO - 0 downstream tasks scheduled from follow-on schedule check
[2026-03-12T08:12:54.455+0000] {local_task_job_runner.py:222} INFO - ::endgroup::
