[2026-03-12T09:18:05.052+0000] {local_task_job_runner.py:120} INFO - ::group::Pre task execution logs
[2026-03-12T09:18:05.074+0000] {taskinstance.py:2076} INFO - Dependencies all met for dep_context=non-requeueable deps ti=<TaskInstance: titanic_ml_pipeline.register_model manual__2026-03-12T09:17:31+00:00 [queued]>
[2026-03-12T09:18:05.080+0000] {taskinstance.py:2076} INFO - Dependencies all met for dep_context=requeueable deps ti=<TaskInstance: titanic_ml_pipeline.register_model manual__2026-03-12T09:17:31+00:00 [queued]>
[2026-03-12T09:18:05.081+0000] {taskinstance.py:2306} INFO - Starting attempt 1 of 1
[2026-03-12T09:18:05.090+0000] {taskinstance.py:2330} INFO - Executing <Task(_PythonDecoratedOperator): register_model> on 2026-03-12 09:17:31+00:00
[2026-03-12T09:18:05.101+0000] {logging_mixin.py:188} WARNING - /home/***/.local/lib/python3.12/site-packages/***/task/task_runner/standard_task_runner.py:61 DeprecationWarning: This process (pid=2618) is multi-threaded, use of fork() may lead to deadlocks in the child.
[2026-03-12T09:18:05.103+0000] {standard_task_runner.py:63} INFO - Started process 2654 to run task
[2026-03-12T09:18:05.103+0000] {standard_task_runner.py:90} INFO - Running: ['***', 'tasks', 'run', 'titanic_ml_pipeline', 'register_model', 'manual__2026-03-12T09:17:31+00:00', '--job-id', '226', '--raw', '--subdir', 'DAGS_FOLDER/titanic_ml_pipeline.py', '--cfg-path', '/tmp/tmpas40oqwr']
[2026-03-12T09:18:05.107+0000] {standard_task_runner.py:91} INFO - Job 226: Subtask register_model
[2026-03-12T09:18:05.165+0000] {task_command.py:426} INFO - Running <TaskInstance: titanic_ml_pipeline.register_model manual__2026-03-12T09:17:31+00:00 [running]> on host ec1fdd424ed5
[2026-03-12T09:18:05.257+0000] {taskinstance.py:2648} INFO - Exporting env vars: AIRFLOW_CTX_DAG_OWNER='***' AIRFLOW_CTX_DAG_ID='titanic_ml_pipeline' AIRFLOW_CTX_TASK_ID='register_model' AIRFLOW_CTX_EXECUTION_DATE='2026-03-12T09:17:31+00:00' AIRFLOW_CTX_TRY_NUMBER='1' AIRFLOW_CTX_DAG_RUN_ID='manual__2026-03-12T09:17:31+00:00'
[2026-03-12T09:18:05.258+0000] {taskinstance.py:430} INFO - ::endgroup::
[2026-03-12T09:18:05.486+0000] {logging_mixin.py:188} WARNING - 2026/03/12 09:18:05 WARNING mlflow.utils.git_utils: Failed to import Git (the Git executable is probably not on your PATH), so Git SHA is not available. Error: Failed to initialize: Bad git executable.
The git executable must be specified in one of the following ways:
    - be included in your $PATH
    - be set via $GIT_PYTHON_GIT_EXECUTABLE
    - explicitly set via git.refresh(<full-path-to-git-executable>)

All git commands will error until this is rectified.

This initial message can be silenced or aggravated in the future by setting the
$GIT_PYTHON_REFRESH environment variable. Use one of the following values:
    - quiet|q|silence|s|silent|none|n|0: for no message or exception
    - warn|w|warning|log|l|1: for a warning message (logging level CRITICAL, displayed by default)
    - error|e|exception|raise|r|2: for a raised exception

Example:
    export GIT_PYTHON_REFRESH=quiet
[2026-03-12T09:18:08.411+0000] {logging_mixin.py:188} WARNING - Registered model 'titanic_rf_model' already exists. Creating a new version of this model...
[2026-03-12T09:18:08.446+0000] {logging_mixin.py:188} WARNING - 2026/03/12 09:18:08 INFO mlflow.store.model_registry.abstract_store: Waiting up to 300 seconds for model version to finish creation. Model name: titanic_rf_model, version 6
[2026-03-12T09:18:08.448+0000] {logging_mixin.py:188} WARNING - Created version '6' of model 'titanic_rf_model'.
[2026-03-12T09:18:08.460+0000] {python.py:237} INFO - Done. Returned value was: Model registered
[2026-03-12T09:18:08.461+0000] {taskinstance.py:441} INFO - ::group::Post task execution logs
[2026-03-12T09:18:08.493+0000] {taskinstance.py:1206} INFO - Marking task as SUCCESS. dag_id=titanic_ml_pipeline, task_id=register_model, run_id=manual__2026-03-12T09:17:31+00:00, execution_date=20260312T091731, start_date=20260312T091805, end_date=20260312T091808
[2026-03-12T09:18:08.540+0000] {local_task_job_runner.py:240} INFO - Task exited with return code 0
[2026-03-12T09:18:08.559+0000] {taskinstance.py:3498} INFO - 1 downstream tasks scheduled from follow-on schedule check
[2026-03-12T09:18:08.562+0000] {local_task_job_runner.py:222} INFO - ::endgroup::
